[2026-05-09 17:45:27,243][conftest.py 278][WARNING]: Driver instance in page_test_factory: <appium.webdriver.webdriver.WebDriver (session="41559875-0cb9-4f2d-80ee-ad6d137f7034")>
[2026-05-09 17:45:27,243][conftest.py 279][WARNING]: Driver instance type: <class 'appium.webdriver.webdriver.WebDriver'>
[2026-05-09 17:45:27,243][config_manager.py 114][INFO]: 尝试加载页面配置: login_page
[2026-05-09 17:45:27,245][config_manager.py 115][INFO]: 配置文件目录: C:\Users\33537\Desktop\自动化工具\工作库\loadMaster-WinAppDriver2appium\data\pages
[2026-05-09 17:45:27,245][config_manager.py 126][INFO]: 配置文件路径: C:\Users\33537\Desktop\自动化工具\工作库\loadMaster-WinAppDriver2appium\data\pages\login_page.yaml
[2026-05-09 17:45:27,245][config_manager.py 127][INFO]: 配置文件是否存在: True
[2026-05-09 17:45:27,248][config_manager.py 60][INFO]: ✅ 成功加载公共弹窗配置，共 2 个弹窗
[2026-05-09 17:45:27,248][config_manager.py 95][DEBUG]:   - 合并公共弹窗: operation_window
[2026-05-09 17:45:27,249][config_manager.py 95][DEBUG]:   - 合并公共弹窗: prompt_window
[2026-05-09 17:45:27,249][config_manager.py 142][INFO]: ✅ 成功加载页面配置: login_page
[2026-05-09 17:45:27,251][config_manager.py 114][INFO]: 尝试加载页面配置: login_page
[2026-05-09 17:45:27,251][config_manager.py 115][INFO]: 配置文件目录: C:\Users\33537\Desktop\自动化工具\工作库\loadMaster-WinAppDriver2appium\data\pages
[2026-05-09 17:45:27,251][config_manager.py 119][INFO]: 从缓存中获取配置: login_page
[2026-05-09 17:45:27,251][login_page.py 33][INFO]: LoginPage: 驱动初始化成功
[2026-05-09 17:45:27,251][login_page.py 40][INFO]: 登录页面初始化完成
[2026-05-09 17:45:27,253][config_manager.py 114][INFO]: 尝试加载页面配置: login_page
[2026-05-09 17:45:27,253][config_manager.py 115][INFO]: 配置文件目录: C:\Users\33537\Desktop\自动化工具\工作库\loadMaster-WinAppDriver2appium\data\pages
[2026-05-09 17:45:27,253][config_manager.py 119][INFO]: 从缓存中获取配置: login_page
[2026-05-09 17:45:27,253][login_page.py 33][INFO]: LoginPage: 驱动初始化成功
[2026-05-09 17:45:27,253][login_page.py 40][INFO]: 登录页面初始化完成
[2026-05-09 17:45:27,257][config_manager.py 114][INFO]: 尝试加载页面配置: customer_management_page
[2026-05-09 17:45:27,257][config_manager.py 115][INFO]: 配置文件目录: C:\Users\33537\Desktop\自动化工具\工作库\loadMaster-WinAppDriver2appium\data\pages
[2026-05-09 17:45:27,257][config_manager.py 126][INFO]: 配置文件路径: C:\Users\33537\Desktop\自动化工具\工作库\loadMaster-WinAppDriver2appium\data\pages\customer_management_page.yaml
[2026-05-09 17:45:27,257][config_manager.py 127][INFO]: 配置文件是否存在: True
[2026-05-09 17:45:27,263][config_manager.py 95][DEBUG]:   - 合并公共弹窗: operation_window
[2026-05-09 17:45:27,263][config_manager.py 95][DEBUG]:   - 合并公共弹窗: prompt_window
[2026-05-09 17:45:27,263][config_manager.py 142][INFO]: ✅ 成功加载页面配置: customer_management_page
[2026-05-09 17:45:27,263][config_manager.py 114][INFO]: 尝试加载页面配置: customer_management_page
[2026-05-09 17:45:27,263][config_manager.py 115][INFO]: 配置文件目录: C:\Users\33537\Desktop\自动化工具\工作库\loadMaster-WinAppDriver2appium\data\pages
[2026-05-09 17:45:27,263][config_manager.py 119][INFO]: 从缓存中获取配置: customer_management_page
[2026-05-09 17:45:27,268][base_page.py 188][DEBUG]: 使用AutomationId定位: //*[@AutomationId='1001']
[2026-05-09 17:45:27,268][base_page.py 154][DEBUG]: 定位元素: strategy=xpath, value=//*[@AutomationId='1001']
[2026-05-09 17:45:27,412][base_page.py 97][DEBUG]: 缓存元素: xpath://*[@AutomationId='1001']
[2026-05-09 17:45:27,412][base_page.py 164][DEBUG]: 元素定位成功: //*[@AutomationId='1001']
[2026-05-09 17:45:28,240][login_page.py 263][DEBUG]: 已清空用户名输入框
[2026-05-09 17:45:28,242][base_page.py 188][DEBUG]: 使用AutomationId定位: //*[@AutomationId='txtUserPwd']
[2026-05-09 17:45:28,242][base_page.py 154][DEBUG]: 定位元素: strategy=xpath, value=//*[@AutomationId='txtUserPwd']
[2026-05-09 17:45:28,359][base_page.py 97][DEBUG]: 缓存元素: xpath://*[@AutomationId='txtUserPwd']
[2026-05-09 17:45:28,360][base_page.py 164][DEBUG]: 元素定位成功: //*[@AutomationId='txtUserPwd']
[2026-05-09 17:45:28,992][login_page.py 273][DEBUG]: 已清空密码输入框
[2026-05-09 17:45:28,992][login_page.py 275][INFO]: 清空输入框完成
[2026-05-09 17:45:28,993][login_page.py 433][INFO]: 开始登录，用户名: admin
[2026-05-09 17:45:28,997][login_page.py 390][INFO]: 当前窗口标题: 欢迎使用微分科技装车管理系统
[2026-05-09 17:45:28,997][login_page.py 413][INFO]: 当前不是提示窗口，无需处理
[2026-05-09 17:45:28,997][login_page.py 438][INFO]: 成功处理启动提示窗口
[2026-05-09 17:45:28,997][login_page.py 440][INFO]: 等待主窗口加载...
[2026-05-09 17:45:33,459][login_page.py 446][WARNING]: 当前所有窗口句柄: ['0x00940E8C']
[2026-05-09 17:45:33,472][login_page.py 451][WARNING]: 窗口 0: 句柄=0x00940E8C, 标题='欢迎使用微分科技装车管理系统'
[2026-05-09 17:45:34,884][base_page.py 491][INFO]: 切换到窗口成功（通过title）: 欢迎使用微分科技装车管理系统
[2026-05-09 17:45:34,884][login_page.py 59][INFO]: 尝试输入用户名: admin
[2026-05-09 17:45:34,884][base_page.py 188][DEBUG]: 使用AutomationId定位: //*[@AutomationId='1001']
[2026-05-09 17:45:34,887][base_page.py 74][DEBUG]: 从缓存获取元素: xpath://*[@AutomationId='1001']
[2026-05-09 17:45:36,131][login_page.py 69][INFO]: 输入用户名成功: admin
[2026-05-09 17:45:37,548][base_page.py 491][INFO]: 切换到窗口成功（通过title）: 欢迎使用微分科技装车管理系统
[2026-05-09 17:45:37,549][login_page.py 95][INFO]: 尝试输入密码
[2026-05-09 17:45:37,549][base_page.py 188][DEBUG]: 使用AutomationId定位: //*[@AutomationId='txtUserPwd']
[2026-05-09 17:45:37,553][base_page.py 74][DEBUG]: 从缓存获取元素: xpath://*[@AutomationId='txtUserPwd']
[2026-05-09 17:45:38,527][login_page.py 105][INFO]: 输入密码成功
[2026-05-09 17:45:39,953][base_page.py 491][INFO]: 切换到窗口成功（通过title）: 欢迎使用微分科技装车管理系统
[2026-05-09 17:45:39,954][login_page.py 131][INFO]: 尝试点击登录按钮
[2026-05-09 17:45:39,954][base_page.py 188][DEBUG]: 使用AutomationId定位: //*[@AutomationId='btnLogin']
[2026-05-09 17:45:39,954][base_page.py 154][DEBUG]: 定位元素: strategy=xpath, value=//*[@AutomationId='btnLogin']
[2026-05-09 17:45:40,040][base_page.py 97][DEBUG]: 缓存元素: xpath://*[@AutomationId='btnLogin']
[2026-05-09 17:45:40,040][base_page.py 164][DEBUG]: 元素定位成功: //*[@AutomationId='btnLogin']
[2026-05-09 17:45:40,040][login_page.py 134][INFO]: 成功定位到登录按钮: <appium.webdriver.webelement.WebElement (session="41559875-0cb9-4f2d-80ee-ad6d137f7034", element="42.2429272")>
[2026-05-09 17:45:40,260][login_page.py 136][INFO]: 点击登录按钮成功
[2026-05-09 17:45:43,260][login_page.py 323][INFO]: 尝试等待主窗口: 欢迎使用微分科技装车管理系统
[2026-05-09 17:45:45,468][login_page.py 328][INFO]: 当前所有窗口句柄数量: 0
[2026-05-09 17:45:45,468][login_page.py 341][WARNING]: 当前没有窗口句柄，尝试等待...
[2026-05-09 17:45:49,074][login_page.py 353][INFO]: 检查窗口: '装车管理系统'
[2026-05-09 17:45:49,087][login_page.py 369][INFO]: 模糊匹配到主窗口: 装车管理系统
[2026-05-09 17:45:49,088][login_page.py 295][INFO]: 登录成功,并跳转到主页面
[2026-05-09 17:45:49,088][login_page.py 483][INFO]: 登录成功
[2026-05-09 17:45:49,107][config_manager.py 114][INFO]: 尝试加载页面配置: invoice_management_page
[2026-05-09 17:45:49,107][config_manager.py 115][INFO]: 配置文件目录: C:\Users\33537\Desktop\自动化工具\工作库\loadMaster-WinAppDriver2appium\data\pages
[2026-05-09 17:45:49,107][config_manager.py 126][INFO]: 配置文件路径: C:\Users\33537\Desktop\自动化工具\工作库\loadMaster-WinAppDriver2appium\data\pages\invoice_management_page.yaml
[2026-05-09 17:45:49,107][config_manager.py 127][INFO]: 配置文件是否存在: True
[2026-05-09 17:45:49,153][config_manager.py 95][DEBUG]:   - 合并公共弹窗: operation_window
[2026-05-09 17:45:49,153][config_manager.py 95][DEBUG]:   - 合并公共弹窗: prompt_window
[2026-05-09 17:45:49,153][config_manager.py 142][INFO]: ✅ 成功加载页面配置: invoice_management_page
[2026-05-09 17:45:49,157][config_manager.py 114][INFO]: 尝试加载页面配置: monitor_management_page
[2026-05-09 17:45:49,157][config_manager.py 115][INFO]: 配置文件目录: C:\Users\33537\Desktop\自动化工具\工作库\loadMaster-WinAppDriver2appium\data\pages
[2026-05-09 17:45:49,157][config_manager.py 126][INFO]: 配置文件路径: C:\Users\33537\Desktop\自动化工具\工作库\loadMaster-WinAppDriver2appium\data\pages\monitor_management_page.yaml
[2026-05-09 17:45:49,158][config_manager.py 127][INFO]: 配置文件是否存在: True
[2026-05-09 17:45:49,179][config_manager.py 95][DEBUG]:   - 合并公共弹窗: operation_window
[2026-05-09 17:45:49,180][config_manager.py 95][DEBUG]:   - 合并公共弹窗: prompt_window
[2026-05-09 17:45:49,180][config_manager.py 142][INFO]: ✅ 成功加载页面配置: monitor_management_page
[2026-05-09 17:45:49,180][config_manager.py 114][INFO]: 尝试加载页面配置: invoice_management_page
[2026-05-09 17:45:49,180][config_manager.py 115][INFO]: 配置文件目录: C:\Users\33537\Desktop\自动化工具\工作库\loadMaster-WinAppDriver2appium\data\pages
[2026-05-09 17:45:49,180][config_manager.py 119][INFO]: 从缓存中获取配置: invoice_management_page
[2026-05-09 17:45:49,182][config_manager.py 114][INFO]: 尝试加载页面配置: main_page
[2026-05-09 17:45:49,182][config_manager.py 115][INFO]: 配置文件目录: C:\Users\33537\Desktop\自动化工具\工作库\loadMaster-WinAppDriver2appium\data\pages
[2026-05-09 17:45:49,182][config_manager.py 126][INFO]: 配置文件路径: C:\Users\33537\Desktop\自动化工具\工作库\loadMaster-WinAppDriver2appium\data\pages\main_page.yaml
[2026-05-09 17:45:49,182][config_manager.py 127][INFO]: 配置文件是否存在: True
[2026-05-09 17:45:49,198][config_manager.py 95][DEBUG]:   - 合并公共弹窗: operation_window
[2026-05-09 17:45:49,198][config_manager.py 95][DEBUG]:   - 合并公共弹窗: prompt_window
[2026-05-09 17:45:49,198][config_manager.py 142][INFO]: ✅ 成功加载页面配置: main_page
[2026-05-09 17:45:49,198][main_page.py 40][INFO]: LoginPage: 驱动初始化成功
[2026-05-09 17:45:49,199][main_page.py 47][INFO]: 登录页面初始化完成
[2026-05-09 17:45:49,199][main_page.py 468][INFO]: 等待主界面加载
[2026-05-09 17:45:49,199][base_page.py 154][DEBUG]: 定位元素: strategy=xpath, value=//*[@Name='用户管理']
[2026-05-09 17:45:51,569][base_page.py 97][DEBUG]: 缓存元素: xpath://*[@Name='用户管理']
[2026-05-09 17:45:51,570][base_page.py 164][DEBUG]: 元素定位成功: //*[@Name='用户管理']
[2026-05-09 17:45:51,584][base_page.py 74][DEBUG]: 从缓存获取元素: xpath://*[@Name='用户管理']
[2026-05-09 17:45:51,584][main_page.py 472][INFO]: 主界面存在，验证通过
[2026-05-09 17:45:51,585][main_page.py 440][INFO]: 尝试点击菜单: left_menu -> loading_and_invoicing_menu
[2026-05-09 17:45:51,586][base_page.py 154][DEBUG]: 定位元素: strategy=xpath, value=//*[@Name='装车开票']
[2026-05-09 17:45:53,806][base_page.py 97][DEBUG]: 缓存元素: xpath://*[@Name='装车开票']
[2026-05-09 17:45:53,807][base_page.py 164][DEBUG]: 元素定位成功: //*[@Name='装车开票']
[2026-05-09 17:45:53,807][main_page.py 443][INFO]: 成功定位到菜单元素
[2026-05-09 17:45:54,173][main_page.py 445][INFO]: 点击菜单成功: left_menu -> loading_and_invoicing_menu
[2026-05-09 17:45:56,175][config_manager.py 114][INFO]: 尝试加载页面配置: invoice_management_page
[2026-05-09 17:45:56,175][config_manager.py 115][INFO]: 配置文件目录: C:\Users\33537\Desktop\自动化工具\工作库\loadMaster-WinAppDriver2appium\data\pages
[2026-05-09 17:45:56,175][config_manager.py 119][INFO]: 从缓存中获取配置: invoice_management_page
[2026-05-09 17:45:58,762][base_page.py 491][INFO]: 切换到窗口成功（通过title）: 装车开票
[2026-05-09 17:46:01,346][base_page.py 491][INFO]: 切换到窗口成功（通过title）: 装车开票
[2026-05-09 17:46:01,347][base_page.py 188][DEBUG]: 使用AutomationId定位: //*[@AutomationId='btnAddInfo']
[2026-05-09 17:46:01,347][base_page.py 154][DEBUG]: 定位元素: strategy=xpath, value=//*[@AutomationId='btnAddInfo']
[2026-05-09 17:46:01,751][base_page.py 97][DEBUG]: 缓存元素: xpath://*[@AutomationId='btnAddInfo']
[2026-05-09 17:46:01,752][base_page.py 164][DEBUG]: 元素定位成功: //*[@AutomationId='btnAddInfo']
[2026-05-09 17:46:02,014][base_page.py 347][INFO]: 点击元素成功: {'automation_id': 'btnAddInfo', 'name': '添加开票信息'}
[2026-05-09 17:46:02,014][base_page.py 188][DEBUG]: 使用AutomationId定位: //*[@AutomationId='btnAddInfo']
[2026-05-09 17:46:03,703][base_page.py 491][INFO]: 切换到窗口成功（通过title）: 编辑装车开票信息
[2026-05-09 17:46:03,704][base_page.py 188][DEBUG]: 使用AutomationId定位: //*[@AutomationId='txtBillNum']
[2026-05-09 17:46:03,704][base_page.py 154][DEBUG]: 定位元素: strategy=xpath, value=//*[@AutomationId='txtBillNum']
[2026-05-09 17:46:04,433][base_page.py 97][DEBUG]: 缓存元素: xpath://*[@AutomationId='txtBillNum']
[2026-05-09 17:46:04,434][base_page.py 164][DEBUG]: 元素定位成功: //*[@AutomationId='txtBillNum']
[2026-05-09 17:46:05,393][base_page.py 382][INFO]: 输入文本成功: 26050801
[2026-05-09 17:46:05,394][base_page.py 188][DEBUG]: 使用AutomationId定位: //*[@AutomationId='txtVehicleNo']
[2026-05-09 17:46:05,395][base_page.py 154][DEBUG]: 定位元素: strategy=xpath, value=//*[@AutomationId='txtVehicleNo']
[2026-05-09 17:46:05,921][base_page.py 97][DEBUG]: 缓存元素: xpath://*[@AutomationId='txtVehicleNo']
[2026-05-09 17:46:05,922][base_page.py 164][DEBUG]: 元素定位成功: //*[@AutomationId='txtVehicleNo']
[2026-05-09 17:46:06,885][base_page.py 382][INFO]: 输入文本成功: 京A12345
[2026-05-09 17:46:06,886][base_page.py 1804][INFO]: 开始选择ComboBox选项: 0号车用柴油(Ⅵ)
[2026-05-09 17:46:06,886][base_page.py 188][DEBUG]: 使用AutomationId定位: //*[@AutomationId='cmbOilName']
[2026-05-09 17:46:06,886][base_page.py 154][DEBUG]: 定位元素: strategy=xpath, value=//*[@AutomationId='cmbOilName']
[2026-05-09 17:46:07,374][base_page.py 97][DEBUG]: 缓存元素: xpath://*[@AutomationId='cmbOilName']
[2026-05-09 17:46:07,375][base_page.py 164][DEBUG]: 元素定位成功: //*[@AutomationId='cmbOilName']
[2026-05-09 17:46:07,375][base_page.py 1812][INFO]: 成功定位到ComboBox元素: {'automation_id': 'cmbOilName', 'name': '油品名称'}
[2026-05-09 17:46:07,375][winform_combobox_handler.py 27][INFO]: 开始选择WinForm ComboBox选项: 0号车用柴油(Ⅵ)
[2026-05-09 17:46:07,375][winform_combobox_handler.py 54][DEBUG]: 尝试策略1: 键盘导航选择
[2026-05-09 17:46:10,364][winform_combobox_handler.py 86][DEBUG]: 当前选项 1: 
[2026-05-09 17:46:10,773][winform_combobox_handler.py 86][DEBUG]: 当前选项 2: 0号车用柴油(Ⅵ)
[2026-05-09 17:46:10,773][winform_combobox_handler.py 90][INFO]: 找到匹配选项: 0号车用柴油(Ⅵ)
[2026-05-09 17:46:11,324][winform_combobox_handler.py 97][INFO]: 键盘导航选择成功: 0号车用柴油(Ⅵ)
[2026-05-09 17:46:11,674][winform_combobox_handler.py 483][DEBUG]: 验证选择结果: 期望='0号车用柴油(Ⅵ)', 实际='0号车用柴油(Ⅵ)', 匹配=True
[2026-05-09 17:46:11,675][base_page.py 1823][INFO]: 成功选择并验证ComboBox选项: 0号车用柴油(Ⅵ)
[2026-05-09 17:46:11,675][base_page.py 1804][INFO]: 开始选择ComboBox选项: 1
[2026-05-09 17:46:11,675][base_page.py 188][DEBUG]: 使用AutomationId定位: //*[@AutomationId='cmbStation']
[2026-05-09 17:46:11,675][base_page.py 154][DEBUG]: 定位元素: strategy=xpath, value=//*[@AutomationId='cmbStation']
[2026-05-09 17:46:12,413][base_page.py 97][DEBUG]: 缓存元素: xpath://*[@AutomationId='cmbStation']
[2026-05-09 17:46:12,413][base_page.py 164][DEBUG]: 元素定位成功: //*[@AutomationId='cmbStation']
[2026-05-09 17:46:12,414][base_page.py 1812][INFO]: 成功定位到ComboBox元素: {'automation_id': 'cmbStation', 'name': '发油货位'}
[2026-05-09 17:46:12,414][winform_combobox_handler.py 27][INFO]: 开始选择WinForm ComboBox选项: 1
[2026-05-09 17:46:12,414][winform_combobox_handler.py 54][DEBUG]: 尝试策略1: 键盘导航选择
[2026-05-09 17:46:15,287][winform_combobox_handler.py 86][DEBUG]: 当前选项 1: 0
[2026-05-09 17:46:15,679][winform_combobox_handler.py 86][DEBUG]: 当前选项 2: 1
[2026-05-09 17:46:15,679][winform_combobox_handler.py 90][INFO]: 找到匹配选项: 1
[2026-05-09 17:46:16,348][winform_combobox_handler.py 97][INFO]: 键盘导航选择成功: 1
[2026-05-09 17:46:16,717][winform_combobox_handler.py 483][DEBUG]: 验证选择结果: 期望='1', 实际='1', 匹配=True
[2026-05-09 17:46:16,717][base_page.py 1823][INFO]: 成功选择并验证ComboBox选项: 1
[2026-05-09 17:46:16,718][base_page.py 1804][INFO]: 开始选择ComboBox选项: 按重量发油
[2026-05-09 17:46:16,718][base_page.py 188][DEBUG]: 使用AutomationId定位: //*[@AutomationId='cmbLoadMode']
[2026-05-09 17:46:16,718][base_page.py 154][DEBUG]: 定位元素: strategy=xpath, value=//*[@AutomationId='cmbLoadMode']
[2026-05-09 17:46:17,168][base_page.py 97][DEBUG]: 缓存元素: xpath://*[@AutomationId='cmbLoadMode']
[2026-05-09 17:46:17,169][base_page.py 164][DEBUG]: 元素定位成功: //*[@AutomationId='cmbLoadMode']
[2026-05-09 17:46:17,169][base_page.py 1812][INFO]: 成功定位到ComboBox元素: {'automation_id': 'cmbLoadMode', 'name': '发油方式'}
[2026-05-09 17:46:17,169][winform_combobox_handler.py 27][INFO]: 开始选择WinForm ComboBox选项: 按重量发油
[2026-05-09 17:46:17,170][winform_combobox_handler.py 54][DEBUG]: 尝试策略1: 键盘导航选择
[2026-05-09 17:46:19,989][winform_combobox_handler.py 86][DEBUG]: 当前选项 1: 按重量发油
[2026-05-09 17:46:19,990][winform_combobox_handler.py 90][INFO]: 找到匹配选项: 按重量发油
[2026-05-09 17:46:20,461][winform_combobox_handler.py 97][INFO]: 键盘导航选择成功: 按重量发油
[2026-05-09 17:46:20,855][winform_combobox_handler.py 483][DEBUG]: 验证选择结果: 期望='按重量发油', 实际='按重量发油', 匹配=True
[2026-05-09 17:46:20,855][base_page.py 1823][INFO]: 成功选择并验证ComboBox选项: 按重量发油
[2026-05-09 17:46:20,856][base_page.py 1804][INFO]: 开始选择ComboBox选项: test1
[2026-05-09 17:46:20,856][base_page.py 188][DEBUG]: 使用AutomationId定位: //*[@AutomationId='cmbBuyer']
[2026-05-09 17:46:20,856][base_page.py 154][DEBUG]: 定位元素: strategy=xpath, value=//*[@AutomationId='cmbBuyer']
[2026-05-09 17:46:21,276][base_page.py 97][DEBUG]: 缓存元素: xpath://*[@AutomationId='cmbBuyer']
[2026-05-09 17:46:21,276][base_page.py 164][DEBUG]: 元素定位成功: //*[@AutomationId='cmbBuyer']
[2026-05-09 17:46:21,277][base_page.py 1812][INFO]: 成功定位到ComboBox元素: {'automation_id': 'cmbBuyer', 'name': '客户全称'}
[2026-05-09 17:46:21,277][winform_combobox_handler.py 27][INFO]: 开始选择WinForm ComboBox选项: test1
[2026-05-09 17:46:21,278][winform_combobox_handler.py 54][DEBUG]: 尝试策略1: 键盘导航选择
[2026-05-09 17:46:24,799][winform_combobox_handler.py 86][DEBUG]: 当前选项 1: 发油方式：
[2026-05-09 17:46:25,131][winform_combobox_handler.py 86][DEBUG]: 当前选项 2: test
[2026-05-09 17:46:25,474][winform_combobox_handler.py 86][DEBUG]: 当前选项 3: test1
[2026-05-09 17:46:25,474][winform_combobox_handler.py 90][INFO]: 找到匹配选项: test1
[2026-05-09 17:46:25,987][winform_combobox_handler.py 97][INFO]: 键盘导航选择成功: test1
[2026-05-09 17:46:26,349][winform_combobox_handler.py 483][DEBUG]: 验证选择结果: 期望='test1', 实际='test1', 匹配=True
[2026-05-09 17:46:26,349][base_page.py 1823][INFO]: 成功选择并验证ComboBox选项: test1
[2026-05-09 17:46:26,350][base_page.py 188][DEBUG]: 使用AutomationId定位: //*[@AutomationId='txtWeight']
[2026-05-09 17:46:26,350][base_page.py 154][DEBUG]: 定位元素: strategy=xpath, value=//*[@AutomationId='txtWeight']
[2026-05-09 17:46:26,750][base_page.py 97][DEBUG]: 缓存元素: xpath://*[@AutomationId='txtWeight']
[2026-05-09 17:46:26,751][base_page.py 164][DEBUG]: 元素定位成功: //*[@AutomationId='txtWeight']
[2026-05-09 17:46:27,567][base_page.py 382][INFO]: 输入文本成功: 8500
[2026-05-09 17:46:27,569][base_page.py 188][DEBUG]: 使用AutomationId定位: //*[@AutomationId='txtRemark']
[2026-05-09 17:46:27,570][base_page.py 154][DEBUG]: 定位元素: strategy=xpath, value=//*[@AutomationId='txtRemark']
[2026-05-09 17:46:28,358][base_page.py 97][DEBUG]: 缓存元素: xpath://*[@AutomationId='txtRemark']
[2026-05-09 17:46:28,358][base_page.py 164][DEBUG]: 元素定位成功: //*[@AutomationId='txtRemark']
[2026-05-09 17:46:29,057][base_page.py 382][INFO]: 输入文本成功: 测试开票
[2026-05-09 17:46:29,059][base_page.py 1804][INFO]: 开始选择ComboBox选项: 销售
[2026-05-09 17:46:29,059][base_page.py 188][DEBUG]: 使用AutomationId定位: //*[@AutomationId='cmbSort']
[2026-05-09 17:46:29,060][base_page.py 154][DEBUG]: 定位元素: strategy=xpath, value=//*[@AutomationId='cmbSort']
[2026-05-09 17:46:29,558][base_page.py 97][DEBUG]: 缓存元素: xpath://*[@AutomationId='cmbSort']
[2026-05-09 17:46:29,558][base_page.py 164][DEBUG]: 元素定位成功: //*[@AutomationId='cmbSort']
[2026-05-09 17:46:29,558][base_page.py 1812][INFO]: 成功定位到ComboBox元素: {'automation_id': 'cmbSort', 'name': '票据分类'}
[2026-05-09 17:46:29,558][winform_combobox_handler.py 27][INFO]: 开始选择WinForm ComboBox选项: 销售
[2026-05-09 17:46:29,559][winform_combobox_handler.py 54][DEBUG]: 尝试策略1: 键盘导航选择
[2026-05-09 17:46:32,810][winform_combobox_handler.py 86][DEBUG]: 当前选项 1: 销售
[2026-05-09 17:46:32,811][winform_combobox_handler.py 90][INFO]: 找到匹配选项: 销售
[2026-05-09 17:46:33,341][winform_combobox_handler.py 97][INFO]: 键盘导航选择成功: 销售
[2026-05-09 17:46:33,696][winform_combobox_handler.py 483][DEBUG]: 验证选择结果: 期望='销售', 实际='销售', 匹配=True
[2026-05-09 17:46:33,696][base_page.py 1823][INFO]: 成功选择并验证ComboBox选项: 销售
[2026-05-09 17:46:33,696][base_page.py 188][DEBUG]: 使用AutomationId定位: //*[@AutomationId='btEnter']
[2026-05-09 17:46:33,697][base_page.py 154][DEBUG]: 定位元素: strategy=xpath, value=//*[@AutomationId='btEnter']
[2026-05-09 17:46:34,392][base_page.py 97][DEBUG]: 缓存元素: xpath://*[@AutomationId='btEnter']
[2026-05-09 17:46:34,392][base_page.py 164][DEBUG]: 元素定位成功: //*[@AutomationId='btEnter']
[2026-05-09 17:46:34,614][base_page.py 347][INFO]: 点击元素成功: {'automation_id': 'btEnter', 'name': '添加'}
[2026-05-09 17:46:34,614][base_page.py 188][DEBUG]: 使用AutomationId定位: //*[@AutomationId='btEnter']
[2026-05-09 17:46:34,623][base_page.py 1941][DEBUG]: 成功获取弹窗配置: operation_window
[2026-05-09 17:46:36,332][base_page.py 188][DEBUG]: 使用AutomationId定位: //*[@AutomationId='CustomMessageCheckBox']
[2026-05-09 17:46:36,332][base_page.py 154][DEBUG]: 定位元素: strategy=xpath, value=//*[@AutomationId='CustomMessageCheckBox']
[2026-05-09 17:46:36,864][base_page.py 97][DEBUG]: 缓存元素: xpath://*[@AutomationId='CustomMessageCheckBox']
[2026-05-09 17:46:36,864][base_page.py 164][DEBUG]: 元素定位成功: //*[@AutomationId='CustomMessageCheckBox']
[2026-05-09 17:46:36,864][base_page.py 499][INFO]: 切换到窗口成功（通过automation_id）: CustomMessageCheckBox
[2026-05-09 17:46:36,868][base_page.py 1941][DEBUG]: 成功获取弹窗配置: operation_window
[2026-05-09 17:46:36,868][base_page.py 188][DEBUG]: 使用AutomationId定位: //*[@AutomationId='btnMsg2']
[2026-05-09 17:46:36,868][base_page.py 154][DEBUG]: 定位元素: strategy=xpath, value=//*[@AutomationId='btnMsg2']
[2026-05-09 17:46:37,425][base_page.py 97][DEBUG]: 缓存元素: xpath://*[@AutomationId='btnMsg2']
[2026-05-09 17:46:37,425][base_page.py 164][DEBUG]: 元素定位成功: //*[@AutomationId='btnMsg2']
[2026-05-09 17:46:37,654][base_page.py 347][INFO]: 点击元素成功: {'automation_id': 'btnMsg2', 'type': 'Button', 'name': '否 (N)', 'description': '取消按钮'}
[2026-05-09 17:46:37,655][base_page.py 188][DEBUG]: 使用AutomationId定位: //*[@AutomationId='btnMsg2']
[2026-05-09 17:46:40,327][base_page.py 491][INFO]: 切换到窗口成功（通过title）: 装车开票
[2026-05-09 17:46:40,327][base_page.py 1804][INFO]: 开始选择ComboBox选项: 全部
[2026-05-09 17:46:40,327][base_page.py 188][DEBUG]: 使用AutomationId定位: //*[@AutomationId='cmbStateQuery']
[2026-05-09 17:46:40,327][base_page.py 154][DEBUG]: 定位元素: strategy=xpath, value=//*[@AutomationId='cmbStateQuery']
[2026-05-09 17:46:40,700][base_page.py 97][DEBUG]: 缓存元素: xpath://*[@AutomationId='cmbStateQuery']
[2026-05-09 17:46:40,700][base_page.py 164][DEBUG]: 元素定位成功: //*[@AutomationId='cmbStateQuery']
[2026-05-09 17:46:40,700][base_page.py 1812][INFO]: 成功定位到ComboBox元素: {'automation_id': 'cmbStateQuery', 'name': '状态'}
[2026-05-09 17:46:40,701][winform_combobox_handler.py 27][INFO]: 开始选择WinForm ComboBox选项: 全部
[2026-05-09 17:46:40,701][winform_combobox_handler.py 54][DEBUG]: 尝试策略1: 键盘导航选择
[2026-05-09 17:46:43,495][winform_combobox_handler.py 86][DEBUG]: 当前选项 1: 待发
[2026-05-09 17:46:43,855][winform_combobox_handler.py 86][DEBUG]: 当前选项 2: 待审核
[2026-05-09 17:46:44,361][winform_combobox_handler.py 86][DEBUG]: 当前选项 3: 就绪
[2026-05-09 17:46:44,728][winform_combobox_handler.py 86][DEBUG]: 当前选项 4: 正在装车
[2026-05-09 17:46:45,062][winform_combobox_handler.py 86][DEBUG]: 当前选项 5: 暂停
[2026-05-09 17:46:45,400][winform_combobox_handler.py 86][DEBUG]: 当前选项 6: 装车结束
[2026-05-09 17:46:45,799][winform_combobox_handler.py 86][DEBUG]: 当前选项 7: 异常终止
[2026-05-09 17:46:46,351][winform_combobox_handler.py 86][DEBUG]: 当前选项 8: 提油申请
[2026-05-09 17:46:46,685][winform_combobox_handler.py 86][DEBUG]: 当前选项 9: 分单中
[2026-05-09 17:46:47,020][winform_combobox_handler.py 86][DEBUG]: 当前选项 10: 分单完成
[2026-05-09 17:46:47,361][winform_combobox_handler.py 86][DEBUG]: 当前选项 11: 全部
[2026-05-09 17:46:47,361][winform_combobox_handler.py 90][INFO]: 找到匹配选项: 全部
[2026-05-09 17:46:47,863][winform_combobox_handler.py 97][INFO]: 键盘导航选择成功: 全部
[2026-05-09 17:46:48,361][winform_combobox_handler.py 483][DEBUG]: 验证选择结果: 期望='全部', 实际='全部', 匹配=True
[2026-05-09 17:46:48,361][base_page.py 1823][INFO]: 成功选择并验证ComboBox选项: 全部
[2026-05-09 17:46:48,361][base_page.py 785][INFO]: 开始搜索并点击表格行，搜索条件: {'提货单号': '26050801'}
[2026-05-09 17:46:48,361][base_page.py 188][DEBUG]: 使用AutomationId定位: //*[@AutomationId='dataGridView']
[2026-05-09 17:46:48,361][base_page.py 154][DEBUG]: 定位元素: strategy=xpath, value=//*[@AutomationId='dataGridView']
[2026-05-09 17:46:48,952][base_page.py 97][DEBUG]: 缓存元素: xpath://*[@AutomationId='dataGridView']
[2026-05-09 17:46:48,953][base_page.py 164][DEBUG]: 元素定位成功: //*[@AutomationId='dataGridView']
[2026-05-09 17:46:49,964][base_page.py 1839][DEBUG]: 尝试为表格获取焦点...
[2026-05-09 17:46:50,226][base_page.py 1844][DEBUG]: 通过点击获取表格焦点成功
[2026-05-09 17:46:51,441][base_page.py 1058][DEBUG]: 兜底表头: ['客户全称', '提货单号', '车牌号码', '油品名称', '发油货位', '预装体积', '预装重量', '提单状态', '开票时间']
[2026-05-09 17:46:51,441][base_page.py 1065][DEBUG]: 最终表头: ['客户全称', '提货单号', '车牌号码', '油品名称', '发油货位', '预装体积', '预装重量', '提单状态', '开票时间'] (列数: 9)
[2026-05-09 17:46:51,516][base_page.py 1129][DEBUG]: 找到匹配行: {'客户全称': 'test1', '提货单号': '26050801', '车牌号码': '', '油品名称': '', '发油货位': '1', '预装体积': '京A12345', '预装重量': '0号车用柴油(Ⅵ)', '提单状态': '0.788', '开票时间': '10787'}
[2026-05-09 17:46:51,558][base_page.py 1286][DEBUG]: 通过is_displayed检测元素可见: True
[2026-05-09 17:46:51,570][base_page.py 1174][DEBUG]: 元素已在可见区域，直接点击: test1
[2026-05-09 17:46:52,297][base_page.py 811][INFO]: 成功点击表格行，匹配数据: {'客户全称': 'test1', '提货单号': '26050801', '车牌号码': '', '油品名称': '', '发油货位': '1', '预装体积': '京A12345', '预装重量': '0号车用柴油(Ⅵ)', '提单状态': '0.788', '开票时间': '10787'}
[2026-05-09 17:46:52,300][main_page.py 468][INFO]: 等待主界面加载
[2026-05-09 17:46:52,316][base_page.py 74][DEBUG]: 从缓存获取元素: xpath://*[@Name='用户管理']
[2026-05-09 17:46:52,321][base_page.py 74][DEBUG]: 从缓存获取元素: xpath://*[@Name='用户管理']
[2026-05-09 17:46:52,321][main_page.py 472][INFO]: 主界面存在，验证通过
[2026-05-09 17:46:52,321][main_page.py 440][INFO]: 尝试点击菜单: left_menu -> loading_and_invoicing_menu
[2026-05-09 17:46:52,326][base_page.py 74][DEBUG]: 从缓存获取元素: xpath://*[@Name='装车开票']
[2026-05-09 17:46:52,326][main_page.py 443][INFO]: 成功定位到菜单元素
[2026-05-09 17:46:52,709][main_page.py 445][INFO]: 点击菜单成功: left_menu -> loading_and_invoicing_menu
[2026-05-09 17:46:54,711][config_manager.py 114][INFO]: 尝试加载页面配置: invoice_management_page
[2026-05-09 17:46:54,711][config_manager.py 115][INFO]: 配置文件目录: C:\Users\33537\Desktop\自动化工具\工作库\loadMaster-WinAppDriver2appium\data\pages
[2026-05-09 17:46:54,711][config_manager.py 119][INFO]: 从缓存中获取配置: invoice_management_page
[2026-05-09 17:46:57,217][base_page.py 491][INFO]: 切换到窗口成功（通过title）: 装车开票
[2026-05-09 17:46:59,919][base_page.py 491][INFO]: 切换到窗口成功（通过title）: 装车开票
[2026-05-09 17:46:59,919][base_page.py 1804][INFO]: 开始选择ComboBox选项: 全部
[2026-05-09 17:46:59,919][base_page.py 188][DEBUG]: 使用AutomationId定位: //*[@AutomationId='cmbStateQuery']
[2026-05-09 17:46:59,927][base_page.py 74][DEBUG]: 从缓存获取元素: xpath://*[@AutomationId='cmbStateQuery']
[2026-05-09 17:46:59,927][base_page.py 1812][INFO]: 成功定位到ComboBox元素: {'automation_id': 'cmbStateQuery', 'name': '状态'}
[2026-05-09 17:46:59,927][winform_combobox_handler.py 27][INFO]: 开始选择WinForm ComboBox选项: 全部
[2026-05-09 17:46:59,927][winform_combobox_handler.py 54][DEBUG]: 尝试策略1: 键盘导航选择
[2026-05-09 17:47:02,885][winform_combobox_handler.py 86][DEBUG]: 当前选项 1: 全部
[2026-05-09 17:47:02,885][winform_combobox_handler.py 90][INFO]: 找到匹配选项: 全部
[2026-05-09 17:47:03,363][winform_combobox_handler.py 97][INFO]: 键盘导航选择成功: 全部
[2026-05-09 17:47:03,758][winform_combobox_handler.py 483][DEBUG]: 验证选择结果: 期望='全部', 实际='全部', 匹配=True
[2026-05-09 17:47:03,759][base_page.py 1823][INFO]: 成功选择并验证ComboBox选项: 全部
[2026-05-09 17:47:03,759][base_page.py 785][INFO]: 开始搜索并点击表格行，搜索条件: {'提货单号': '26050801'}
[2026-05-09 17:47:03,760][base_page.py 188][DEBUG]: 使用AutomationId定位: //*[@AutomationId='dataGridView']
[2026-05-09 17:47:03,767][base_page.py 74][DEBUG]: 从缓存获取元素: xpath://*[@AutomationId='dataGridView']
[2026-05-09 17:47:04,772][base_page.py 1839][DEBUG]: 尝试为表格获取焦点...
[2026-05-09 17:47:05,001][base_page.py 1844][DEBUG]: 通过点击获取表格焦点成功
[2026-05-09 17:47:06,539][base_page.py 1058][DEBUG]: 兜底表头: ['客户全称', '提货单号', '车牌号码', '油品名称', '发油货位', '预装体积', '预装重量', '提单状态', '开票时间']
[2026-05-09 17:47:06,540][base_page.py 1065][DEBUG]: 最终表头: ['客户全称', '提货单号', '车牌号码', '油品名称', '发油货位', '预装体积', '预装重量', '提单状态', '开票时间'] (列数: 9)
[2026-05-09 17:47:06,644][base_page.py 1129][DEBUG]: 找到匹配行: {'客户全称': 'test1', '提货单号': '26050801', '车牌号码': '', '油品名称': '', '发油货位': '1', '预装体积': '京A12345', '预装重量': '0号车用柴油(Ⅵ)', '提单状态': '0.788', '开票时间': '10787'}
[2026-05-09 17:47:06,678][base_page.py 1286][DEBUG]: 通过is_displayed检测元素可见: True
[2026-05-09 17:47:06,686][base_page.py 1174][DEBUG]: 元素已在可见区域，直接点击: test1
[2026-05-09 17:47:07,411][base_page.py 811][INFO]: 成功点击表格行，匹配数据: {'客户全称': 'test1', '提货单号': '26050801', '车牌号码': '', '油品名称': '', '发油货位': '1', '预装体积': '京A12345', '预装重量': '0号车用柴油(Ⅵ)', '提单状态': '0.788', '开票时间': '10787'}
[2026-05-09 17:47:10,004][base_page.py 491][INFO]: 切换到窗口成功（通过title）: 装车开票
[2026-05-09 17:47:10,004][base_page.py 188][DEBUG]: 使用AutomationId定位: //*[@AutomationId='btnAudit']
[2026-05-09 17:47:10,004][base_page.py 154][DEBUG]: 定位元素: strategy=xpath, value=//*[@AutomationId='btnAudit']
[2026-05-09 17:47:10,759][base_page.py 97][DEBUG]: 缓存元素: xpath://*[@AutomationId='btnAudit']
[2026-05-09 17:47:10,759][base_page.py 164][DEBUG]: 元素定位成功: //*[@AutomationId='btnAudit']
[2026-05-09 17:47:10,980][base_page.py 347][INFO]: 点击元素成功: {'automation_id': 'btnAudit', 'name': '审核'}
[2026-05-09 17:47:10,981][base_page.py 188][DEBUG]: 使用AutomationId定位: //*[@AutomationId='btnAudit']
[2026-05-09 17:47:12,489][base_page.py 188][DEBUG]: 使用AutomationId定位: //*[@AutomationId='CustomMessageCheckBox']
[2026-05-09 17:47:12,494][base_page.py 154][DEBUG]: 定位元素: strategy=xpath, value=//*[@AutomationId='CustomMessageCheckBox']
[2026-05-09 17:47:12,985][base_page.py 97][DEBUG]: 缓存元素: xpath://*[@AutomationId='CustomMessageCheckBox']
[2026-05-09 17:47:12,985][base_page.py 164][DEBUG]: 元素定位成功: //*[@AutomationId='CustomMessageCheckBox']
[2026-05-09 17:47:12,985][base_page.py 499][INFO]: 切换到窗口成功（通过automation_id）: CustomMessageCheckBox
[2026-05-09 17:47:12,985][base_page.py 188][DEBUG]: 使用AutomationId定位: //*[@AutomationId='btnMsg1']
[2026-05-09 17:47:12,985][base_page.py 154][DEBUG]: 定位元素: strategy=xpath, value=//*[@AutomationId='btnMsg1']
[2026-05-09 17:47:13,577][base_page.py 97][DEBUG]: 缓存元素: xpath://*[@AutomationId='btnMsg1']
[2026-05-09 17:47:13,577][base_page.py 164][DEBUG]: 元素定位成功: //*[@AutomationId='btnMsg1']
[2026-05-09 17:47:13,798][base_page.py 347][INFO]: 点击元素成功: {'automation_id': 'btnMsg1', 'name': '是', 'type': 'Button'}
[2026-05-09 17:47:13,798][base_page.py 188][DEBUG]: 使用AutomationId定位: //*[@AutomationId='btnMsg1']
[2026-05-09 17:47:14,816][base_page.py 1941][DEBUG]: 成功获取弹窗配置: prompt_window
[2026-05-09 17:47:16,345][base_page.py 188][DEBUG]: 使用AutomationId定位: //*[@AutomationId='CustomMessageBox']
[2026-05-09 17:47:16,345][base_page.py 154][DEBUG]: 定位元素: strategy=xpath, value=//*[@AutomationId='CustomMessageBox']
[2026-05-09 17:47:16,876][base_page.py 97][DEBUG]: 缓存元素: xpath://*[@AutomationId='CustomMessageBox']
[2026-05-09 17:47:16,877][base_page.py 164][DEBUG]: 元素定位成功: //*[@AutomationId='CustomMessageBox']
[2026-05-09 17:47:16,877][base_page.py 499][INFO]: 切换到窗口成功（通过automation_id）: CustomMessageBox
[2026-05-09 17:47:16,893][base_page.py 1941][DEBUG]: 成功获取弹窗配置: prompt_window
[2026-05-09 17:47:16,894][base_page.py 188][DEBUG]: 使用AutomationId定位: //*[@AutomationId='btnMsg']
[2026-05-09 17:47:16,895][base_page.py 154][DEBUG]: 定位元素: strategy=xpath, value=//*[@AutomationId='btnMsg']
[2026-05-09 17:47:17,540][base_page.py 97][DEBUG]: 缓存元素: xpath://*[@AutomationId='btnMsg']
[2026-05-09 17:47:17,540][base_page.py 164][DEBUG]: 元素定位成功: //*[@AutomationId='btnMsg']
[2026-05-09 17:47:17,760][base_page.py 347][INFO]: 点击元素成功: {'automation_id': 'btnMsg', 'type': 'Button', 'name': '确定', 'description': '确认按钮'}
[2026-05-09 17:47:17,760][base_page.py 188][DEBUG]: 使用AutomationId定位: //*[@AutomationId='btnMsg']
[2026-05-09 17:47:20,301][base_page.py 491][INFO]: 切换到窗口成功（通过title）: 装车开票
[2026-05-09 17:47:20,301][base_page.py 1804][INFO]: 开始选择ComboBox选项: 全部
[2026-05-09 17:47:20,302][base_page.py 188][DEBUG]: 使用AutomationId定位: //*[@AutomationId='cmbStateQuery']
[2026-05-09 17:47:20,312][base_page.py 74][DEBUG]: 从缓存获取元素: xpath://*[@AutomationId='cmbStateQuery']
[2026-05-09 17:47:20,312][base_page.py 1812][INFO]: 成功定位到ComboBox元素: {'automation_id': 'cmbStateQuery', 'name': '状态'}
[2026-05-09 17:47:20,312][winform_combobox_handler.py 27][INFO]: 开始选择WinForm ComboBox选项: 全部
[2026-05-09 17:47:20,312][winform_combobox_handler.py 54][DEBUG]: 尝试策略1: 键盘导航选择
[2026-05-09 17:47:23,315][winform_combobox_handler.py 86][DEBUG]: 当前选项 1: 全部
[2026-05-09 17:47:23,315][winform_combobox_handler.py 90][INFO]: 找到匹配选项: 全部
[2026-05-09 17:47:23,871][winform_combobox_handler.py 97][INFO]: 键盘导航选择成功: 全部
[2026-05-09 17:47:24,381][winform_combobox_handler.py 483][DEBUG]: 验证选择结果: 期望='全部', 实际='全部', 匹配=True
[2026-05-09 17:47:24,381][base_page.py 1823][INFO]: 成功选择并验证ComboBox选项: 全部
[2026-05-09 17:47:24,381][base_page.py 610][INFO]: 开始获取表格数据，表格定位信息: {'automation_id': 'dataGridView', 'name': 'DataGridView', 'type': 'Table'}
[2026-05-09 17:47:24,381][base_page.py 188][DEBUG]: 使用AutomationId定位: //*[@AutomationId='dataGridView']
[2026-05-09 17:47:24,386][base_page.py 74][DEBUG]: 从缓存获取元素: xpath://*[@AutomationId='dataGridView']
[2026-05-09 17:47:25,392][base_page.py 634][INFO]: 获取表格非空子元素作为行数据
[2026-05-09 17:47:26,758][base_page.py 658][INFO]: 找到49个有效行元素
[2026-05-09 17:47:26,758][base_page.py 697][DEBUG]: 兜底表头: ['客户全称', '提货单号', '车牌号码', '油品名称', '发油货位', '预装体积', '预装重量', '提单状态', '开票时间']
[2026-05-09 17:47:26,758][base_page.py 705][DEBUG]: 最终表头: ['客户全称', '提货单号', '车牌号码', '油品名称', '发油货位', '预装体积', '预装重量', '提单状态', '开票时间'] (列数: 9)
[2026-05-09 17:47:26,759][base_page.py 718][DEBUG]: 数据起始索引: 26
[2026-05-09 17:47:26,759][base_page.py 762][INFO]: 成功获取表格数据，共2行有效数据
[2026-05-09 17:47:26,759][invoice_management_page.py 32][ERROR]: 未找到元素配置: main_window
[2026-05-09 17:47:26,760][main_page.py 468][INFO]: 等待主界面加载
[2026-05-09 17:47:26,764][base_page.py 74][DEBUG]: 从缓存获取元素: xpath://*[@Name='用户管理']
[2026-05-09 17:47:26,769][base_page.py 74][DEBUG]: 从缓存获取元素: xpath://*[@Name='用户管理']
[2026-05-09 17:47:26,769][main_page.py 472][INFO]: 主界面存在，验证通过
[2026-05-09 17:47:26,769][main_page.py 440][INFO]: 尝试点击菜单: left_menu -> monitoring_page_menu
[2026-05-09 17:47:26,769][base_page.py 154][DEBUG]: 定位元素: strategy=xpath, value=//*[@Name='监控页面']
[2026-05-09 17:47:37,777][base_page.py 171][ERROR]: 等待元素超时: {'name': '监控页面'}
[2026-05-09 17:47:37,777][main_page.py 448][ERROR]: 未找到菜单元素
[2026-05-09 17:47:46,068][base_page.py 534][WARNING]: 未找到目标窗口: title='监控页面', 可用窗口: ['装车管理系统', '装车开票']
[2026-05-09 17:47:46,068][base_page.py 538][WARNING]: 切换窗口超时: title='监控页面', automation_id='None'
[2026-05-09 17:47:54,392][base_page.py 534][WARNING]: 未找到目标窗口: title='监控页面', 可用窗口: ['装车管理系统', '装车开票']
[2026-05-09 17:47:54,392][base_page.py 538][WARNING]: 切换窗口超时: title='监控页面', automation_id='None'
[2026-05-09 17:47:55,102][monitor_management_page.py 112][ERROR]: 未找到货位控件: 1
