[2026-05-12 17:05:27,882][conftest.py 278][WARNING]: Driver instance in page_test_factory: <appium.webdriver.webdriver.WebDriver (session="5a48c138-9302-43f1-991b-341dcf66c9c7")>
[2026-05-12 17:05:27,883][conftest.py 279][WARNING]: Driver instance type: <class 'appium.webdriver.webdriver.WebDriver'>
[2026-05-12 17:05:27,883][config_manager.py 114][INFO]: 尝试加载页面配置: login_page
[2026-05-12 17:05:27,884][config_manager.py 115][INFO]: 配置文件目录: C:\Users\33537\Desktop\自动化工具\工作库\loadMaster-WinAppDriver2appium\data\pages
[2026-05-12 17:05:27,885][config_manager.py 126][INFO]: 配置文件路径: C:\Users\33537\Desktop\自动化工具\工作库\loadMaster-WinAppDriver2appium\data\pages\login_page.yaml
[2026-05-12 17:05:27,885][config_manager.py 127][INFO]: 配置文件是否存在: True
[2026-05-12 17:05:27,888][config_manager.py 60][INFO]: ✅ 成功加载公共弹窗配置，共 2 个弹窗
[2026-05-12 17:05:27,888][config_manager.py 95][DEBUG]:   - 合并公共弹窗: operation_window
[2026-05-12 17:05:27,888][config_manager.py 95][DEBUG]:   - 合并公共弹窗: prompt_window
[2026-05-12 17:05:27,888][config_manager.py 142][INFO]: ✅ 成功加载页面配置: login_page
[2026-05-12 17:05:27,903][config_manager.py 114][INFO]: 尝试加载页面配置: login_page
[2026-05-12 17:05:27,904][config_manager.py 115][INFO]: 配置文件目录: C:\Users\33537\Desktop\自动化工具\工作库\loadMaster-WinAppDriver2appium\data\pages
[2026-05-12 17:05:27,904][config_manager.py 119][INFO]: 从缓存中获取配置: login_page
[2026-05-12 17:05:27,904][login_page.py 33][INFO]: LoginPage: 驱动初始化成功
[2026-05-12 17:05:27,904][login_page.py 40][INFO]: 登录页面初始化完成
[2026-05-12 17:05:27,905][config_manager.py 114][INFO]: 尝试加载页面配置: login_page
[2026-05-12 17:05:27,905][config_manager.py 115][INFO]: 配置文件目录: C:\Users\33537\Desktop\自动化工具\工作库\loadMaster-WinAppDriver2appium\data\pages
[2026-05-12 17:05:27,905][config_manager.py 119][INFO]: 从缓存中获取配置: login_page
[2026-05-12 17:05:27,905][login_page.py 33][INFO]: LoginPage: 驱动初始化成功
[2026-05-12 17:05:27,905][login_page.py 40][INFO]: 登录页面初始化完成
[2026-05-12 17:05:27,911][config_manager.py 114][INFO]: 尝试加载页面配置: customer_management_page
[2026-05-12 17:05:27,911][config_manager.py 115][INFO]: 配置文件目录: C:\Users\33537\Desktop\自动化工具\工作库\loadMaster-WinAppDriver2appium\data\pages
[2026-05-12 17:05:27,911][config_manager.py 126][INFO]: 配置文件路径: C:\Users\33537\Desktop\自动化工具\工作库\loadMaster-WinAppDriver2appium\data\pages\customer_management_page.yaml
[2026-05-12 17:05:27,911][config_manager.py 127][INFO]: 配置文件是否存在: True
[2026-05-12 17:05:27,918][config_manager.py 95][DEBUG]:   - 合并公共弹窗: operation_window
[2026-05-12 17:05:27,918][config_manager.py 95][DEBUG]:   - 合并公共弹窗: prompt_window
[2026-05-12 17:05:27,918][config_manager.py 142][INFO]: ✅ 成功加载页面配置: customer_management_page
[2026-05-12 17:05:27,918][config_manager.py 114][INFO]: 尝试加载页面配置: customer_management_page
[2026-05-12 17:05:27,918][config_manager.py 115][INFO]: 配置文件目录: C:\Users\33537\Desktop\自动化工具\工作库\loadMaster-WinAppDriver2appium\data\pages
[2026-05-12 17:05:27,918][config_manager.py 119][INFO]: 从缓存中获取配置: customer_management_page
[2026-05-12 17:05:29,450][base_page.py 507][INFO]: 切换到窗口成功（通过title）: 欢迎使用微分科技装车管理系统
[2026-05-12 17:05:29,450][base_page.py 194][DEBUG]: 使用AutomationId定位: //*[@AutomationId='1001']
[2026-05-12 17:05:29,450][base_page.py 160][DEBUG]: 定位元素: strategy=xpath, value=//*[@AutomationId='1001']
[2026-05-12 17:05:29,659][base_page.py 103][DEBUG]: 缓存元素: xpath://*[@AutomationId='1001']
[2026-05-12 17:05:29,659][base_page.py 170][DEBUG]: 元素定位成功: //*[@AutomationId='1001']
[2026-05-12 17:05:31,501][login_page.py 295][DEBUG]: 已清空用户名输入框
[2026-05-12 17:05:31,501][base_page.py 194][DEBUG]: 使用AutomationId定位: //*[@AutomationId='txtUserPwd']
[2026-05-12 17:05:31,501][base_page.py 160][DEBUG]: 定位元素: strategy=xpath, value=//*[@AutomationId='txtUserPwd']
[2026-05-12 17:05:31,633][base_page.py 103][DEBUG]: 缓存元素: xpath://*[@AutomationId='txtUserPwd']
[2026-05-12 17:05:31,633][base_page.py 170][DEBUG]: 元素定位成功: //*[@AutomationId='txtUserPwd']
[2026-05-12 17:05:33,236][login_page.py 307][DEBUG]: 已清空密码输入框
[2026-05-12 17:05:33,236][login_page.py 309][INFO]: 清空输入框完成
[2026-05-12 17:05:33,236][login_page.py 467][INFO]: 开始登录，用户名: admin
[2026-05-12 17:05:33,250][login_page.py 424][INFO]: 当前窗口标题: 欢迎使用微分科技装车管理系统
[2026-05-12 17:05:33,250][login_page.py 447][INFO]: 当前不是提示窗口，无需处理
[2026-05-12 17:05:33,250][login_page.py 472][INFO]: 成功处理启动提示窗口
[2026-05-12 17:05:33,251][login_page.py 474][INFO]: 等待主窗口加载...
[2026-05-12 17:05:37,776][login_page.py 481][INFO]: 当前窗口标题: '欢迎使用微分科技装车管理系统', window_handles: ['0x003D07BA']
[2026-05-12 17:05:39,366][base_page.py 507][INFO]: 切换到窗口成功（通过title）: 欢迎使用微分科技装车管理系统
[2026-05-12 17:05:39,366][login_page.py 59][INFO]: 尝试输入用户名: admin
[2026-05-12 17:05:39,366][base_page.py 194][DEBUG]: 使用AutomationId定位: //*[@AutomationId='1001']
[2026-05-12 17:05:39,385][base_page.py 80][DEBUG]: 从缓存获取元素: xpath://*[@AutomationId='1001']
[2026-05-12 17:05:41,735][login_page.py 84][INFO]: 输入用户名成功: admin
[2026-05-12 17:05:43,186][base_page.py 507][INFO]: 切换到窗口成功（通过title）: 欢迎使用微分科技装车管理系统
[2026-05-12 17:05:43,186][login_page.py 110][INFO]: 尝试输入密码
[2026-05-12 17:05:43,186][base_page.py 194][DEBUG]: 使用AutomationId定位: //*[@AutomationId='txtUserPwd']
[2026-05-12 17:05:43,209][base_page.py 80][DEBUG]: 从缓存获取元素: xpath://*[@AutomationId='txtUserPwd']
[2026-05-12 17:05:45,265][login_page.py 130][INFO]: 输入密码成功
[2026-05-12 17:05:46,784][base_page.py 507][INFO]: 切换到窗口成功（通过title）: 欢迎使用微分科技装车管理系统
[2026-05-12 17:05:46,784][login_page.py 155][INFO]: 尝试点击登录按钮
[2026-05-12 17:05:46,785][base_page.py 194][DEBUG]: 使用AutomationId定位: //*[@AutomationId='btnLogin']
[2026-05-12 17:05:46,785][base_page.py 160][DEBUG]: 定位元素: strategy=xpath, value=//*[@AutomationId='btnLogin']
[2026-05-12 17:05:46,915][base_page.py 103][DEBUG]: 缓存元素: xpath://*[@AutomationId='btnLogin']
[2026-05-12 17:05:46,915][base_page.py 170][DEBUG]: 元素定位成功: //*[@AutomationId='btnLogin']
[2026-05-12 17:05:46,915][login_page.py 158][INFO]: 成功定位到登录按钮: <appium.webdriver.webelement.WebElement (session="5a48c138-9302-43f1-991b-341dcf66c9c7", element="42.9242240")>
[2026-05-12 17:05:47,143][login_page.py 160][INFO]: 点击登录按钮成功
[2026-05-12 17:05:50,143][login_page.py 357][INFO]: 尝试等待主窗口: 欢迎使用微分科技装车管理系统
[2026-05-12 17:05:52,463][login_page.py 362][INFO]: 当前所有窗口句柄数量: 0
[2026-05-12 17:05:52,464][login_page.py 375][WARNING]: 当前没有窗口句柄，尝试等待...
[2026-05-12 17:05:55,968][login_page.py 387][INFO]: 检查窗口: '装车管理系统'
[2026-05-12 17:05:55,984][login_page.py 403][INFO]: 模糊匹配到主窗口: 装车管理系统
[2026-05-12 17:05:55,984][login_page.py 329][INFO]: 登录成功,并跳转到主页面
[2026-05-12 17:05:55,984][login_page.py 511][INFO]: 登录成功
[2026-05-12 17:05:56,015][config_manager.py 114][INFO]: 尝试加载页面配置: invoice_management_page
[2026-05-12 17:05:56,015][config_manager.py 115][INFO]: 配置文件目录: C:\Users\33537\Desktop\自动化工具\工作库\loadMaster-WinAppDriver2appium\data\pages
[2026-05-12 17:05:56,015][config_manager.py 126][INFO]: 配置文件路径: C:\Users\33537\Desktop\自动化工具\工作库\loadMaster-WinAppDriver2appium\data\pages\invoice_management_page.yaml
[2026-05-12 17:05:56,015][config_manager.py 127][INFO]: 配置文件是否存在: True
[2026-05-12 17:05:56,062][config_manager.py 95][DEBUG]:   - 合并公共弹窗: operation_window
[2026-05-12 17:05:56,062][config_manager.py 95][DEBUG]:   - 合并公共弹窗: prompt_window
[2026-05-12 17:05:56,062][config_manager.py 142][INFO]: ✅ 成功加载页面配置: invoice_management_page
[2026-05-12 17:05:56,093][config_manager.py 114][INFO]: 尝试加载页面配置: monitor_management_page
[2026-05-12 17:05:56,093][config_manager.py 115][INFO]: 配置文件目录: C:\Users\33537\Desktop\自动化工具\工作库\loadMaster-WinAppDriver2appium\data\pages
[2026-05-12 17:05:56,094][config_manager.py 126][INFO]: 配置文件路径: C:\Users\33537\Desktop\自动化工具\工作库\loadMaster-WinAppDriver2appium\data\pages\monitor_management_page.yaml
[2026-05-12 17:05:56,094][config_manager.py 127][INFO]: 配置文件是否存在: True
[2026-05-12 17:05:56,139][config_manager.py 95][DEBUG]:   - 合并公共弹窗: operation_window
[2026-05-12 17:05:56,140][config_manager.py 95][DEBUG]:   - 合并公共弹窗: prompt_window
[2026-05-12 17:05:56,140][config_manager.py 142][INFO]: ✅ 成功加载页面配置: monitor_management_page
[2026-05-12 17:05:56,140][config_manager.py 114][INFO]: 尝试加载页面配置: invoice_management_page
[2026-05-12 17:05:56,141][config_manager.py 115][INFO]: 配置文件目录: C:\Users\33537\Desktop\自动化工具\工作库\loadMaster-WinAppDriver2appium\data\pages
[2026-05-12 17:05:56,141][config_manager.py 119][INFO]: 从缓存中获取配置: invoice_management_page
[2026-05-12 17:05:56,143][config_manager.py 114][INFO]: 尝试加载页面配置: main_page
[2026-05-12 17:05:56,143][config_manager.py 115][INFO]: 配置文件目录: C:\Users\33537\Desktop\自动化工具\工作库\loadMaster-WinAppDriver2appium\data\pages
[2026-05-12 17:05:56,143][config_manager.py 126][INFO]: 配置文件路径: C:\Users\33537\Desktop\自动化工具\工作库\loadMaster-WinAppDriver2appium\data\pages\main_page.yaml
[2026-05-12 17:05:56,143][config_manager.py 127][INFO]: 配置文件是否存在: True
[2026-05-12 17:05:56,160][config_manager.py 95][DEBUG]:   - 合并公共弹窗: operation_window
[2026-05-12 17:05:56,160][config_manager.py 95][DEBUG]:   - 合并公共弹窗: prompt_window
[2026-05-12 17:05:56,160][config_manager.py 142][INFO]: ✅ 成功加载页面配置: main_page
[2026-05-12 17:05:56,160][main_page.py 40][INFO]: LoginPage: 驱动初始化成功
[2026-05-12 17:05:56,160][main_page.py 47][INFO]: 登录页面初始化完成
[2026-05-12 17:05:56,161][config_manager.py 114][INFO]: 尝试加载页面配置: invoice_management_page
[2026-05-12 17:05:56,161][config_manager.py 115][INFO]: 配置文件目录: C:\Users\33537\Desktop\自动化工具\工作库\loadMaster-WinAppDriver2appium\data\pages
[2026-05-12 17:05:56,161][config_manager.py 119][INFO]: 从缓存中获取配置: invoice_management_page
[2026-05-12 17:06:04,878][base_page.py 559][WARNING]: 未找到目标窗口: title='装车开票', 可用窗口: ['装车管理系统']
[2026-05-12 17:06:04,878][base_page.py 563][WARNING]: 切换窗口超时: title='装车开票', automation_id='None'
[2026-05-12 17:06:04,878][invoice_management_page.py 45][WARNING]: 未找到精确匹配的窗口，尝试模糊匹配
[2026-05-12 17:06:06,467][main_page.py 518][INFO]: 等待主界面加载
[2026-05-12 17:06:06,467][base_page.py 160][DEBUG]: 定位元素: strategy=xpath, value=//*[@Name='用户管理']
[2026-05-12 17:06:08,900][base_page.py 103][DEBUG]: 缓存元素: xpath://*[@Name='用户管理']
[2026-05-12 17:06:08,901][base_page.py 170][DEBUG]: 元素定位成功: //*[@Name='用户管理']
[2026-05-12 17:06:08,916][base_page.py 80][DEBUG]: 从缓存获取元素: xpath://*[@Name='用户管理']
[2026-05-12 17:06:08,916][main_page.py 522][INFO]: 主界面存在，验证通过
[2026-05-12 17:06:08,918][main_page.py 443][INFO]: 尝试点击菜单: left_menu -> loading_and_invoicing_menu
[2026-05-12 17:06:08,919][base_page.py 160][DEBUG]: 定位元素: strategy=xpath, value=//*[@Name='装车开票']
[2026-05-12 17:06:11,457][base_page.py 103][DEBUG]: 缓存元素: xpath://*[@Name='装车开票']
[2026-05-12 17:06:11,457][base_page.py 170][DEBUG]: 元素定位成功: //*[@Name='装车开票']
[2026-05-12 17:06:11,458][main_page.py 446][INFO]: 成功定位到菜单元素
[2026-05-12 17:06:11,825][main_page.py 451][INFO]: 使用 click() 点击菜单成功
[2026-05-12 17:06:12,539][main_page.py 487][INFO]: 点击菜单成功: left_menu -> loading_and_invoicing_menu
[2026-05-12 17:06:14,540][config_manager.py 114][INFO]: 尝试加载页面配置: invoice_management_page
[2026-05-12 17:06:14,540][config_manager.py 115][INFO]: 配置文件目录: C:\Users\33537\Desktop\自动化工具\工作库\loadMaster-WinAppDriver2appium\data\pages
[2026-05-12 17:06:14,540][config_manager.py 119][INFO]: 从缓存中获取配置: invoice_management_page
[2026-05-12 17:06:17,242][base_page.py 507][INFO]: 切换到窗口成功（通过title）: 装车开票
[2026-05-12 17:06:19,941][base_page.py 507][INFO]: 切换到窗口成功（通过title）: 装车开票
[2026-05-12 17:06:19,942][base_page.py 194][DEBUG]: 使用AutomationId定位: //*[@AutomationId='btnAddInfo']
[2026-05-12 17:06:19,942][base_page.py 160][DEBUG]: 定位元素: strategy=xpath, value=//*[@AutomationId='btnAddInfo']
[2026-05-12 17:06:20,389][base_page.py 103][DEBUG]: 缓存元素: xpath://*[@AutomationId='btnAddInfo']
[2026-05-12 17:06:20,389][base_page.py 170][DEBUG]: 元素定位成功: //*[@AutomationId='btnAddInfo']
[2026-05-12 17:06:20,625][base_page.py 353][INFO]: 点击元素成功: {'automation_id': 'btnAddInfo', 'name': '添加开票信息'}
[2026-05-12 17:06:20,625][base_page.py 194][DEBUG]: 使用AutomationId定位: //*[@AutomationId='btnAddInfo']
[2026-05-12 17:06:22,316][base_page.py 507][INFO]: 切换到窗口成功（通过title）: 编辑装车开票信息
[2026-05-12 17:06:22,317][base_page.py 194][DEBUG]: 使用AutomationId定位: //*[@AutomationId='txtBillNum']
[2026-05-12 17:06:22,317][base_page.py 160][DEBUG]: 定位元素: strategy=xpath, value=//*[@AutomationId='txtBillNum']
[2026-05-12 17:06:22,778][base_page.py 103][DEBUG]: 缓存元素: xpath://*[@AutomationId='txtBillNum']
[2026-05-12 17:06:22,778][base_page.py 170][DEBUG]: 元素定位成功: //*[@AutomationId='txtBillNum']
[2026-05-12 17:06:23,865][base_page.py 388][INFO]: 输入文本成功: 26050801
[2026-05-12 17:06:23,866][base_page.py 194][DEBUG]: 使用AutomationId定位: //*[@AutomationId='txtVehicleNo']
[2026-05-12 17:06:23,866][base_page.py 160][DEBUG]: 定位元素: strategy=xpath, value=//*[@AutomationId='txtVehicleNo']
[2026-05-12 17:06:24,345][base_page.py 103][DEBUG]: 缓存元素: xpath://*[@AutomationId='txtVehicleNo']
[2026-05-12 17:06:24,346][base_page.py 170][DEBUG]: 元素定位成功: //*[@AutomationId='txtVehicleNo']
[2026-05-12 17:06:25,200][base_page.py 388][INFO]: 输入文本成功: 京A12345
[2026-05-12 17:06:25,200][base_page.py 1879][INFO]: 开始选择ComboBox选项: 0号车用柴油(Ⅵ)
[2026-05-12 17:06:25,200][base_page.py 194][DEBUG]: 使用AutomationId定位: //*[@AutomationId='cmbOilName']
[2026-05-12 17:06:25,200][base_page.py 160][DEBUG]: 定位元素: strategy=xpath, value=//*[@AutomationId='cmbOilName']
[2026-05-12 17:06:25,707][base_page.py 103][DEBUG]: 缓存元素: xpath://*[@AutomationId='cmbOilName']
[2026-05-12 17:06:25,707][base_page.py 170][DEBUG]: 元素定位成功: //*[@AutomationId='cmbOilName']
[2026-05-12 17:06:25,707][base_page.py 1887][INFO]: 成功定位到ComboBox元素: {'automation_id': 'cmbOilName', 'name': '油品名称'}
[2026-05-12 17:06:25,707][winform_combobox_handler.py 27][INFO]: 开始选择WinForm ComboBox选项: 0号车用柴油(Ⅵ)
[2026-05-12 17:06:25,708][winform_combobox_handler.py 54][DEBUG]: 尝试策略1: 键盘导航选择
[2026-05-12 17:06:28,530][winform_combobox_handler.py 86][DEBUG]: 当前选项 1: 
[2026-05-12 17:06:28,884][winform_combobox_handler.py 86][DEBUG]: 当前选项 2: 0号车用柴油(Ⅵ)
[2026-05-12 17:06:28,885][winform_combobox_handler.py 90][INFO]: 找到匹配选项: 0号车用柴油(Ⅵ)
[2026-05-12 17:06:29,374][winform_combobox_handler.py 97][INFO]: 键盘导航选择成功: 0号车用柴油(Ⅵ)
[2026-05-12 17:06:29,718][winform_combobox_handler.py 483][DEBUG]: 验证选择结果: 期望='0号车用柴油(Ⅵ)', 实际='0号车用柴油(Ⅵ)', 匹配=True
[2026-05-12 17:06:29,718][base_page.py 1898][INFO]: 成功选择并验证ComboBox选项: 0号车用柴油(Ⅵ)
[2026-05-12 17:06:29,718][base_page.py 1879][INFO]: 开始选择ComboBox选项: 1
[2026-05-12 17:06:29,718][base_page.py 194][DEBUG]: 使用AutomationId定位: //*[@AutomationId='cmbStation']
[2026-05-12 17:06:29,719][base_page.py 160][DEBUG]: 定位元素: strategy=xpath, value=//*[@AutomationId='cmbStation']
[2026-05-12 17:06:30,186][base_page.py 103][DEBUG]: 缓存元素: xpath://*[@AutomationId='cmbStation']
[2026-05-12 17:06:30,186][base_page.py 170][DEBUG]: 元素定位成功: //*[@AutomationId='cmbStation']
[2026-05-12 17:06:30,186][base_page.py 1887][INFO]: 成功定位到ComboBox元素: {'automation_id': 'cmbStation', 'name': '发油货位'}
[2026-05-12 17:06:30,187][winform_combobox_handler.py 27][INFO]: 开始选择WinForm ComboBox选项: 1
[2026-05-12 17:06:30,187][winform_combobox_handler.py 54][DEBUG]: 尝试策略1: 键盘导航选择
[2026-05-12 17:06:33,247][winform_combobox_handler.py 86][DEBUG]: 当前选项 1: 0
[2026-05-12 17:06:33,595][winform_combobox_handler.py 86][DEBUG]: 当前选项 2: 1
[2026-05-12 17:06:33,595][winform_combobox_handler.py 90][INFO]: 找到匹配选项: 1
[2026-05-12 17:06:34,095][winform_combobox_handler.py 97][INFO]: 键盘导航选择成功: 1
[2026-05-12 17:06:34,469][winform_combobox_handler.py 483][DEBUG]: 验证选择结果: 期望='1', 实际='1', 匹配=True
[2026-05-12 17:06:34,469][base_page.py 1898][INFO]: 成功选择并验证ComboBox选项: 1
[2026-05-12 17:06:34,470][base_page.py 1879][INFO]: 开始选择ComboBox选项: 按重量发油
[2026-05-12 17:06:34,470][base_page.py 194][DEBUG]: 使用AutomationId定位: //*[@AutomationId='cmbLoadMode']
[2026-05-12 17:06:34,470][base_page.py 160][DEBUG]: 定位元素: strategy=xpath, value=//*[@AutomationId='cmbLoadMode']
[2026-05-12 17:06:35,195][base_page.py 103][DEBUG]: 缓存元素: xpath://*[@AutomationId='cmbLoadMode']
[2026-05-12 17:06:35,196][base_page.py 170][DEBUG]: 元素定位成功: //*[@AutomationId='cmbLoadMode']
[2026-05-12 17:06:35,197][base_page.py 1887][INFO]: 成功定位到ComboBox元素: {'automation_id': 'cmbLoadMode', 'name': '发油方式'}
[2026-05-12 17:06:35,197][winform_combobox_handler.py 27][INFO]: 开始选择WinForm ComboBox选项: 按重量发油
[2026-05-12 17:06:35,198][winform_combobox_handler.py 54][DEBUG]: 尝试策略1: 键盘导航选择
[2026-05-12 17:06:38,171][winform_combobox_handler.py 86][DEBUG]: 当前选项 1: 按重量发油
[2026-05-12 17:06:38,171][winform_combobox_handler.py 90][INFO]: 找到匹配选项: 按重量发油
[2026-05-12 17:06:38,683][winform_combobox_handler.py 97][INFO]: 键盘导航选择成功: 按重量发油
[2026-05-12 17:06:39,242][winform_combobox_handler.py 483][DEBUG]: 验证选择结果: 期望='按重量发油', 实际='按重量发油', 匹配=True
[2026-05-12 17:06:39,242][base_page.py 1898][INFO]: 成功选择并验证ComboBox选项: 按重量发油
[2026-05-12 17:06:39,242][base_page.py 1879][INFO]: 开始选择ComboBox选项: test1
[2026-05-12 17:06:39,242][base_page.py 194][DEBUG]: 使用AutomationId定位: //*[@AutomationId='cmbBuyer']
[2026-05-12 17:06:39,242][base_page.py 160][DEBUG]: 定位元素: strategy=xpath, value=//*[@AutomationId='cmbBuyer']
[2026-05-12 17:06:39,689][base_page.py 103][DEBUG]: 缓存元素: xpath://*[@AutomationId='cmbBuyer']
[2026-05-12 17:06:39,689][base_page.py 170][DEBUG]: 元素定位成功: //*[@AutomationId='cmbBuyer']
[2026-05-12 17:06:39,690][base_page.py 1887][INFO]: 成功定位到ComboBox元素: {'automation_id': 'cmbBuyer', 'name': '客户全称'}
[2026-05-12 17:06:39,690][winform_combobox_handler.py 27][INFO]: 开始选择WinForm ComboBox选项: test1
[2026-05-12 17:06:39,690][winform_combobox_handler.py 54][DEBUG]: 尝试策略1: 键盘导航选择
[2026-05-12 17:06:42,825][winform_combobox_handler.py 86][DEBUG]: 当前选项 1: 发油方式：
[2026-05-12 17:06:43,259][winform_combobox_handler.py 86][DEBUG]: 当前选项 2: test
[2026-05-12 17:06:43,623][winform_combobox_handler.py 86][DEBUG]: 当前选项 3: test1
[2026-05-12 17:06:43,623][winform_combobox_handler.py 90][INFO]: 找到匹配选项: test1
[2026-05-12 17:06:44,144][winform_combobox_handler.py 97][INFO]: 键盘导航选择成功: test1
[2026-05-12 17:06:44,496][winform_combobox_handler.py 483][DEBUG]: 验证选择结果: 期望='test1', 实际='test1', 匹配=True
[2026-05-12 17:06:44,496][base_page.py 1898][INFO]: 成功选择并验证ComboBox选项: test1
[2026-05-12 17:06:44,497][base_page.py 194][DEBUG]: 使用AutomationId定位: //*[@AutomationId='txtWeight']
[2026-05-12 17:06:44,497][base_page.py 160][DEBUG]: 定位元素: strategy=xpath, value=//*[@AutomationId='txtWeight']
[2026-05-12 17:06:45,193][base_page.py 103][DEBUG]: 缓存元素: xpath://*[@AutomationId='txtWeight']
[2026-05-12 17:06:45,194][base_page.py 170][DEBUG]: 元素定位成功: //*[@AutomationId='txtWeight']
[2026-05-12 17:06:45,986][base_page.py 388][INFO]: 输入文本成功: 8500
[2026-05-12 17:06:45,986][base_page.py 194][DEBUG]: 使用AutomationId定位: //*[@AutomationId='txtRemark']
[2026-05-12 17:06:45,987][base_page.py 160][DEBUG]: 定位元素: strategy=xpath, value=//*[@AutomationId='txtRemark']
[2026-05-12 17:06:46,483][base_page.py 103][DEBUG]: 缓存元素: xpath://*[@AutomationId='txtRemark']
[2026-05-12 17:06:46,484][base_page.py 170][DEBUG]: 元素定位成功: //*[@AutomationId='txtRemark']
[2026-05-12 17:06:47,410][base_page.py 388][INFO]: 输入文本成功: 测试开票
[2026-05-12 17:06:47,412][base_page.py 1879][INFO]: 开始选择ComboBox选项: 销售
[2026-05-12 17:06:47,413][base_page.py 194][DEBUG]: 使用AutomationId定位: //*[@AutomationId='cmbSort']
[2026-05-12 17:06:47,415][base_page.py 160][DEBUG]: 定位元素: strategy=xpath, value=//*[@AutomationId='cmbSort']
[2026-05-12 17:06:47,897][base_page.py 103][DEBUG]: 缓存元素: xpath://*[@AutomationId='cmbSort']
[2026-05-12 17:06:47,897][base_page.py 170][DEBUG]: 元素定位成功: //*[@AutomationId='cmbSort']
[2026-05-12 17:06:47,898][base_page.py 1887][INFO]: 成功定位到ComboBox元素: {'automation_id': 'cmbSort', 'name': '票据分类'}
[2026-05-12 17:06:47,898][winform_combobox_handler.py 27][INFO]: 开始选择WinForm ComboBox选项: 销售
[2026-05-12 17:06:47,898][winform_combobox_handler.py 54][DEBUG]: 尝试策略1: 键盘导航选择
[2026-05-12 17:06:50,713][winform_combobox_handler.py 86][DEBUG]: 当前选项 1: 销售
[2026-05-12 17:06:50,713][winform_combobox_handler.py 90][INFO]: 找到匹配选项: 销售
[2026-05-12 17:06:51,255][winform_combobox_handler.py 97][INFO]: 键盘导航选择成功: 销售
[2026-05-12 17:06:51,608][winform_combobox_handler.py 483][DEBUG]: 验证选择结果: 期望='销售', 实际='销售', 匹配=True
[2026-05-12 17:06:51,608][base_page.py 1898][INFO]: 成功选择并验证ComboBox选项: 销售
[2026-05-12 17:06:51,608][base_page.py 194][DEBUG]: 使用AutomationId定位: //*[@AutomationId='btEnter']
[2026-05-12 17:06:51,608][base_page.py 160][DEBUG]: 定位元素: strategy=xpath, value=//*[@AutomationId='btEnter']
[2026-05-12 17:06:52,051][base_page.py 103][DEBUG]: 缓存元素: xpath://*[@AutomationId='btEnter']
[2026-05-12 17:06:52,051][base_page.py 170][DEBUG]: 元素定位成功: //*[@AutomationId='btEnter']
[2026-05-12 17:06:52,276][base_page.py 353][INFO]: 点击元素成功: {'automation_id': 'btEnter', 'name': '添加'}
[2026-05-12 17:06:52,276][base_page.py 194][DEBUG]: 使用AutomationId定位: //*[@AutomationId='btEnter']
[2026-05-12 17:06:52,281][base_page.py 2016][DEBUG]: 成功获取弹窗配置: operation_window
[2026-05-12 17:06:53,981][base_page.py 194][DEBUG]: 使用AutomationId定位: //*[@AutomationId='CustomMessageCheckBox']
[2026-05-12 17:06:53,981][base_page.py 160][DEBUG]: 定位元素: strategy=xpath, value=//*[@AutomationId='CustomMessageCheckBox']
[2026-05-12 17:06:54,523][base_page.py 103][DEBUG]: 缓存元素: xpath://*[@AutomationId='CustomMessageCheckBox']
[2026-05-12 17:06:54,524][base_page.py 170][DEBUG]: 元素定位成功: //*[@AutomationId='CustomMessageCheckBox']
[2026-05-12 17:06:54,524][base_page.py 515][INFO]: 切换到窗口成功（通过automation_id）: CustomMessageCheckBox
[2026-05-12 17:06:54,539][base_page.py 2016][DEBUG]: 成功获取弹窗配置: operation_window
[2026-05-12 17:06:54,539][base_page.py 194][DEBUG]: 使用AutomationId定位: //*[@AutomationId='btnMsg2']
[2026-05-12 17:06:54,540][base_page.py 160][DEBUG]: 定位元素: strategy=xpath, value=//*[@AutomationId='btnMsg2']
[2026-05-12 17:06:55,295][base_page.py 103][DEBUG]: 缓存元素: xpath://*[@AutomationId='btnMsg2']
[2026-05-12 17:06:55,296][base_page.py 170][DEBUG]: 元素定位成功: //*[@AutomationId='btnMsg2']
[2026-05-12 17:06:55,520][base_page.py 353][INFO]: 点击元素成功: {'automation_id': 'btnMsg2', 'type': 'Button', 'name': '否 (N)', 'description': '取消按钮'}
[2026-05-12 17:06:55,521][base_page.py 194][DEBUG]: 使用AutomationId定位: //*[@AutomationId='btnMsg2']
[2026-05-12 17:06:58,100][base_page.py 507][INFO]: 切换到窗口成功（通过title）: 装车开票
[2026-05-12 17:06:58,100][base_page.py 860][INFO]: 开始搜索并点击表格行，搜索条件: {'提货单号': '26050801'}
[2026-05-12 17:06:58,101][base_page.py 194][DEBUG]: 使用AutomationId定位: //*[@AutomationId='dataGridView']
[2026-05-12 17:06:58,101][base_page.py 160][DEBUG]: 定位元素: strategy=xpath, value=//*[@AutomationId='dataGridView']
[2026-05-12 17:06:58,522][base_page.py 103][DEBUG]: 缓存元素: xpath://*[@AutomationId='dataGridView']
[2026-05-12 17:06:58,523][base_page.py 170][DEBUG]: 元素定位成功: //*[@AutomationId='dataGridView']
[2026-05-12 17:06:59,528][base_page.py 1914][DEBUG]: 尝试为表格获取焦点...
[2026-05-12 17:06:59,784][base_page.py 1919][DEBUG]: 通过点击获取表格焦点成功
[2026-05-12 17:07:00,515][base_page.py 1133][DEBUG]: 兜底表头: ['客户全称', '提货单号', '车牌号码', '油品名称', '发油货位', '预装体积', '预装重量', '提单状态', '开票时间']
[2026-05-12 17:07:00,515][base_page.py 1140][DEBUG]: 最终表头: ['客户全称', '提货单号', '车牌号码', '油品名称', '发油货位', '预装体积', '预装重量', '提单状态', '开票时间'] (列数: 9)
[2026-05-12 17:07:00,617][base_page.py 879][ERROR]: 未找到匹配条件的行: {'提货单号': '26050801'}
[2026-05-12 17:07:00,618][config_manager.py 114][INFO]: 尝试加载页面配置: invoice_management_page
[2026-05-12 17:07:00,618][config_manager.py 115][INFO]: 配置文件目录: C:\Users\33537\Desktop\自动化工具\工作库\loadMaster-WinAppDriver2appium\data\pages
[2026-05-12 17:07:00,619][config_manager.py 119][INFO]: 从缓存中获取配置: invoice_management_page
[2026-05-12 17:07:03,220][base_page.py 507][INFO]: 切换到窗口成功（通过title）: 装车开票
[2026-05-12 17:07:05,972][base_page.py 507][INFO]: 切换到窗口成功（通过title）: 装车开票
[2026-05-12 17:07:05,972][base_page.py 860][INFO]: 开始搜索并点击表格行，搜索条件: {'提货单号': '26050801'}
[2026-05-12 17:07:05,972][base_page.py 194][DEBUG]: 使用AutomationId定位: //*[@AutomationId='dataGridView']
[2026-05-12 17:07:05,987][base_page.py 80][DEBUG]: 从缓存获取元素: xpath://*[@AutomationId='dataGridView']
[2026-05-12 17:07:06,994][base_page.py 1914][DEBUG]: 尝试为表格获取焦点...
[2026-05-12 17:07:07,973][base_page.py 1919][DEBUG]: 通过点击获取表格焦点成功
[2026-05-12 17:07:08,619][base_page.py 1133][DEBUG]: 兜底表头: ['客户全称', '提货单号', '车牌号码', '油品名称', '发油货位', '预装体积', '预装重量', '提单状态', '开票时间']
[2026-05-12 17:07:08,619][base_page.py 1140][DEBUG]: 最终表头: ['客户全称', '提货单号', '车牌号码', '油品名称', '发油货位', '预装体积', '预装重量', '提单状态', '开票时间'] (列数: 9)
[2026-05-12 17:07:08,717][base_page.py 879][ERROR]: 未找到匹配条件的行: {'提货单号': '26050801'}
[2026-05-12 17:07:08,718][main_page.py 518][INFO]: 等待主界面加载
[2026-05-12 17:07:08,745][base_page.py 80][DEBUG]: 从缓存获取元素: xpath://*[@Name='用户管理']
[2026-05-12 17:07:08,765][base_page.py 80][DEBUG]: 从缓存获取元素: xpath://*[@Name='用户管理']
[2026-05-12 17:07:08,765][main_page.py 522][INFO]: 主界面存在，验证通过
[2026-05-12 17:07:08,978][main_page.py 443][INFO]: 尝试点击菜单: left_menu -> monitoring_page_menu
[2026-05-12 17:07:08,979][base_page.py 160][DEBUG]: 定位元素: strategy=xpath, value=//*[@Name='监控页面']
[2026-05-12 17:07:19,604][base_page.py 177][ERROR]: 等待元素超时: {'name': '监控页面'}
[2026-05-12 17:07:19,605][main_page.py 490][ERROR]: 未找到菜单元素
[2026-05-12 17:07:23,213][base_page.py 507][INFO]: 切换到窗口成功（通过title）: 装车管理系统
[2026-05-12 17:07:23,214][base_page.py 194][DEBUG]: 使用AutomationId定位: //*[@AutomationId='panel1']
[2026-05-12 17:07:23,214][base_page.py 160][DEBUG]: 定位元素: strategy=xpath, value=//*[@AutomationId='panel1']
[2026-05-12 17:07:25,605][base_page.py 103][DEBUG]: 缓存元素: xpath://*[@AutomationId='panel1']
[2026-05-12 17:07:25,605][base_page.py 170][DEBUG]: 元素定位成功: //*[@AutomationId='panel1']
[2026-05-12 17:07:27,222][base_page.py 507][INFO]: 切换到窗口成功（通过title）: 装车管理系统
[2026-05-12 17:07:29,557][monitor_management_page.py 99][DEBUG]: 共找到 0 个 label13 元素
[2026-05-12 17:07:29,558][monitor_management_page.py 110][ERROR]: 未找到货位号 1 对应的 label13
